# Generated by Mochi Python compiler
from __future__ import annotations

import typing

def majorityElement(nums: list[int]) -> int:
	count = 0
	candidate = 0
	for n in nums:
		if (count == 0):
			candidate = n
			count = 1
		else:
			if (n == candidate):
				count = (count + 1)
			else:
				count = (count - 1)
	return candidate

def example_1():
	assert (majorityElement([3, 2, 3]) == 3)

def example_2():
	assert (majorityElement([2, 2, 1, 1, 1, 2, 2]) == 2)

def single_element():
	assert (majorityElement([1]) == 1)

def large_majority():
	assert (majorityElement([1, 1, 1, 2, 2]) == 1)

def main():
	example_1()
	example_2()
	single_element()
	large_majority()

if __name__ == "__main__":
	main()
