// Generated by Mochi TypeScript compiler

function majorityElement(nums: Array<number>) : number {
	let count: any = 0
	let candidate: number = 0
	for (const n of nums) {
		if ((count == 0)) {
			candidate = n
			count = 1
		} else {
			if ((n == candidate)) {
				count = (count + 1)
			} else {
				count = (count - 1)
			}
		}
	}
	return candidate
}

function example_1(): void {
	if (!((majorityElement([3, 2, 3]) == 3))) { throw new Error('expect failed') }
}

function example_2(): void {
	if (!((majorityElement([2, 2, 1, 1, 1, 2, 2]) == 2))) { throw new Error('expect failed') }
}

function single_element(): void {
	if (!((majorityElement([1]) == 1))) { throw new Error('expect failed') }
}

function large_majority(): void {
	if (!((majorityElement([1, 1, 1, 2, 2]) == 1))) { throw new Error('expect failed') }
}

function main(): void {
	example_1()
	example_2()
	single_element()
	large_majority()
}
main()

