# Generated by Mochi Python compiler
from __future__ import annotations

import typing

def wiggleMaxLength(nums: list[int]) -> int:
	n = len(nums)
	if (n < 2):
		return n
	up = 1
	down = 1
	for i in range(1, n):
		if (nums[i] > nums[(i - 1)]):
			up = (down + 1)
		elif (nums[i] < nums[(i - 1)]):
			down = (up + 1)
	if (up > down):
		return up
	return down

def example_1():
	assert (wiggleMaxLength([1, 7, 4, 9, 2, 5]) == 6)

def example_2():
	assert (wiggleMaxLength([1, 17, 5, 10, 13, 15, 10, 5, 16, 8]) == 7)

def example_3():
	assert (wiggleMaxLength([1, 2, 3, 4, 5, 6, 7, 8, 9]) == 2)

def single_element():
	assert (wiggleMaxLength([5]) == 1)

def two_equal():
	assert (wiggleMaxLength([3, 3]) == 1)

def main():
	example_1()
	example_2()
	example_3()
	single_element()
	two_equal()

if __name__ == "__main__":
	main()
