# Generated by Mochi Python compiler
from __future__ import annotations

import typing

def canJump(nums: list[int]) -> bool:
	n = len(nums)
	farthest = 0
	for i in range(0, n):
		if (i > farthest):
			return False
		if ((i + nums[i]) > farthest):
			farthest = (i + nums[i])
	return True

def example_1():
	assert (canJump([2, 3, 1, 1, 4]) == True)

def example_2():
	assert (canJump([3, 2, 1, 0, 4]) == False)

def single_element():
	assert (canJump([0]) == True)

def with_zeros():
	assert (canJump([2, 0, 0]) == True)

def main():
	example_1()
	example_2()
	single_element()
	with_zeros()

if __name__ == "__main__":
	main()
