# Generated by Mochi Python compiler
from __future__ import annotations

import typing

def findKthLargest(nums: list[int], k: int) -> int:
	_sorted = [ x for x in sorted([ x for x in nums ], key=lambda x: (-x)) ]
	return _sorted[(k - 1)]

def example_1():
	assert (findKthLargest([3, 2, 1, 5, 6, 4], 2) == 5)

def example_2():
	assert (findKthLargest([3, 2, 3, 1, 2, 4, 5, 5, 6], 4) == 4)

def single_element():
	assert (findKthLargest([1], 1) == 1)

def with_negatives():
	assert (findKthLargest([(-1), (-2), (-3), (-4)], 2) == ((-2)))

def main():
	example_1()
	example_2()
	single_element()
	with_negatives()

if __name__ == "__main__":
	main()
