package main

import (
	"encoding/json"
)

func expect(cond bool) {
	if !cond { panic("expect failed") }
}

type Tree interface { isTree() }
type Leaf struct {
}
func (Leaf) isTree() {}
type Node struct {
	Left any `json:"left"`
	Value int `json:"value"`
	Right any `json:"right"`
}
func (Node) isTree() {}

func isLeaf(t any) bool {
	return func() bool {
	_t := t
	switch _t {
	case Leaf:
		return true
	default:
		return false
	}
}()
}

func hasPathSum(root any, target int) bool {
	var nodeSum = func(l any, v int, r any, remaining int) bool {
		var leftLeaf bool = isLeaf(l)
		var rightLeaf bool = isLeaf(r)
		if (leftLeaf && rightLeaf) {
			return (remaining == 0)
		}
		return (hasPathSum(l, remaining) || hasPathSum(r, remaining))
}
	return func() bool {
	_t := root
	switch _t {
	case Leaf:
		return false
	case Node(l, v, r):
		return nodeSum(l, v, r, (target - _cast[int](v)))
	}
}()
}

func example_1() {
	var root Node = Node{Left: Node{Left: Node{Left: Leaf{}, Value: 7, Right: Leaf{}}, Value: 11, Right: Node{Left: Leaf{}, Value: 2, Right: Leaf{}}}, Value: 4, Right: Leaf{}}
	_ = root
	var tree Node = Node{Left: root, Value: 5, Right: Node{Left: Node{Left: Leaf{}, Value: 13, Right: Leaf{}}, Value: 8, Right: Node{Left: Leaf{}, Value: 4, Right: Node{Left: Leaf{}, Value: 1, Right: Leaf{}}}}}
	_ = tree
	expect((hasPathSum(tree, 22) == true))
}

func example_2() {
	var tree Node = Node{Left: Node{Left: Leaf{}, Value: 2, Right: Leaf{}}, Value: 1, Right: Node{Left: Leaf{}, Value: 3, Right: Leaf{}}}
	_ = tree
	expect((hasPathSum(tree, 5) == false))
}

func example_3() {
	var tree Node = Node{Left: Node{Left: Leaf{}, Value: 2, Right: Leaf{}}, Value: 1, Right: Leaf{}}
	_ = tree
	expect((hasPathSum(tree, 0) == false))
}

func single_node() {
	expect((hasPathSum(Node{Left: Leaf{}, Value: 5, Right: Leaf{}}, 5) == true))
}

func empty() {
	expect((hasPathSum(Leaf{}, 1) == false))
}

func main() {
	example_1()
	example_2()
	example_3()
	single_node()
	empty()
}

func _cast[T any](v any) T {
    data, err := json.Marshal(v)
    if err != nil { panic(err) }
    var out T
    if err := json.Unmarshal(data, &out); err != nil { panic(err) }
    return out
}

