# Generated by Mochi Python compiler
from __future__ import annotations

import typing

def reverseWords(s: str) -> str:
	i = (len(s) - 1)
	words = []
	while (i >= 0):
		while ((i >= 0) and (s[i] == " ")):
			i = (i - 1)
		if (i < 0):
			break
		j = i
		while ((j >= 0) and (s[j] != " ")):
			j = (j - 1)
		words = (words + [s[(j + 1):(i + 1)]])
		i = j
	result = ""
	k = 0
	while (k < len(words)):
		if (k > 0):
			result = (result + " ")
		result = (result + words[k])
		k = (k + 1)
	return result

def example_1():
	assert (reverseWords("the sky is blue") == "blue is sky the")

def example_2():
	assert (reverseWords("  hello world  ") == "world hello")

def example_3():
	assert (reverseWords("a good   example") == "example good a")

def single_word():
	assert (reverseWords("hello") == "hello")

def only_spaces():
	assert (reverseWords("    ") == "")

def main():
	example_1()
	example_2()
	example_3()
	single_word()
	only_spaces()

if __name__ == "__main__":
	main()
