package main

func expect(cond bool) {
	if !cond { panic("expect failed") }
}

func isMatch(s string, p string) bool {
	var m int = len(s)
	var n int = len(p)
	var memo map[any]any = map[any]any{}
	return dfs(0, 0)
}

func example_1() {
	expect((isMatch("aa", "a") == false))
}

func example_2() {
	expect((isMatch("aa", "a*") == true))
}

func example_3() {
	expect((isMatch("ab", ".*") == true))
}

func example_4() {
	expect((isMatch("aab", "c*a*b") == true))
}

func example_5() {
	expect((isMatch("mississippi", "mis*is*p*.") == false))
}

func main() {
	example_1()
	example_2()
	example_3()
	example_4()
	example_5()
}

