# Generated by Mochi Python compiler
from __future__ import annotations

import typing

def isPowerOfFour(n: int) -> bool:
	if (n <= 0):
		return False
	x = n
	while ((x % 4) == 0):
		x = (x // 4)
	return (x == 1)

def example_1():
	assert (isPowerOfFour(16) == True)

def example_2():
	assert (isPowerOfFour(5) == False)

def power_of_two_but_not_four():
	assert (isPowerOfFour(8) == False)

def largest_power_of_four_within_32_bit():
	assert (isPowerOfFour(1073741824) == True)

def main():
	example_1()
	example_2()
	power_of_two_but_not_four()
	largest_power_of_four_within_32_bit()

if __name__ == "__main__":
	main()
