// Generated by Mochi TypeScript compiler

function reverseList(xs: Array<number>) : Array<number> {
	let out: Array<any> = []
	let i: number = (xs.length - 1)
	while ((i >= 0)) {
		out = out.concat([xs[i]])
		i = (i - 1)
	}
	return out
}

function zigzagLevelOrder(root: any) : Array<Array<number>> {
	if ((() => {
	const _t = root;
	switch (_t) {
	case Leaf:
		return true;
	default:
		return false;
	}
	return undefined;
})()) {
		return []
	}
	let result: Array<any> = []
	let queue: Array<any> = [root]
	let level: number = 0
	while ((queue.length > 0)) {
		let vals: Array<any> = []
		let next: Array<any> = []
		for (const node of queue) {
			if ((() => {
	const _t = node;
	switch (_t) {
	case Leaf:
		return false;
	default:
		return true;
	}
	return undefined;
})()) {
				vals = vals.concat([node.value])
				if ((() => {
	const _t = node.left;
	switch (_t) {
	case Leaf:
		return false;
	default:
		return true;
	}
	return undefined;
})()) {
					next = next.concat([node.left])
				}
				if ((() => {
	const _t = node.right;
	switch (_t) {
	case Leaf:
		return false;
	default:
		return true;
	}
	return undefined;
})()) {
					next = next.concat([node.right])
				}
			}
		}
		if (((level % 2) == 1)) {
			vals = reverseList(vals)
		}
		result = result.concat([vals])
		queue = next
		level = (level + 1)
	}
	return result
}

function example_1(): void {
	let tree: Node = {left: {left: {}, value: 9, right: {}}, value: 3, right: {left: {left: {}, value: 15, right: {}}, value: 20, right: {left: {}, value: 7, right: {}}}}
	if (!(_equal(zigzagLevelOrder(tree), [[3], [20, 9], [15, 7]]))) { throw new Error('expect failed') }
}

function single_node(): void {
	if (!(_equal(zigzagLevelOrder({left: {}, value: 1, right: {}}), [[1]]))) { throw new Error('expect failed') }
}

function empty(): void {
	if (!(_equal(zigzagLevelOrder({}), []))) { throw new Error('expect failed') }
}

function unbalanced(): void {
	let tree: Node = {left: {left: {left: {}, value: 4, right: {}}, value: 2, right: {}}, value: 1, right: {left: {}, value: 3, right: {left: {}, value: 5, right: {}}}}
	if (!(_equal(zigzagLevelOrder(tree), [[1], [3, 2], [4, 5]]))) { throw new Error('expect failed') }
}

function main(): void {
	type Tree = {
	}
	example_1()
	single_node()
	empty()
	unbalanced()
}
function _equal(a: any, b: any): boolean {
  if (Array.isArray(a) && Array.isArray(b)) {
    if (a.length !== b.length) return false;
    for (let i = 0; i < a.length; i++) { if (!_equal(a[i], b[i])) return false; }
    return true;
  }
  if (a && b && typeof a === 'object' && typeof b === 'object') {
    const ak = Object.keys(a); const bk = Object.keys(b);
    if (ak.length !== bk.length) return false;
    for (const k of ak) { if (!bk.includes(k) || !_equal((a as any)[k], (b as any)[k])) return false; }
    return true;
  }
  return a === b;
}

main()

