package main

func expect(cond bool) {
	if !cond { panic("expect failed") }
}

func partition(s string) [][]string {
	var n int = len(s)
	var result []any = []any{}
	dfs(0, []any{})
	return result
}

func example_1() {
	expect((partition("aab") == [][]string{[]string{"a", "a", "b"}, []string{"aa", "b"}}))
}

func example_2() {
	expect((partition("a") == [][]string{[]string{"a"}}))
}

func no_palindrome() {
	expect((partition("abc") == [][]string{[]string{"a", "b", "c"}}))
}

func main() {
	example_1()
	example_2()
	no_palindrome()
}

