// Generated by Mochi TypeScript compiler

let example1: Record<string, any> = Node(Node(Node(Leaf(), 3, Leaf()), 2, Node(Leaf(), 4, Leaf())), 1, Node(Leaf(), 5, Node(Leaf(), 6, Leaf())))

let flattened1: Record<string, any> = Node(Leaf(), 1, Node(Leaf(), 2, Node(Leaf(), 3, Node(Leaf(), 4, Node(Leaf(), 5, Node(Leaf(), 6, Leaf()))))))

function Leaf() : Record<string, any> {
	return {"__name": "Leaf"}
}

function Node(left: Record<string, any>, value: number, right: Record<string, any>) : Record<string, any> {
	return {"__name": "Node", "left": left, "value": value, "right": right}
}

function isLeaf(t: Record<string, any>) : boolean {
	return _equal(t["__name"], "Leaf")
}

function left(t: Record<string, any>) : Record<string, any> {
	return t["left"]
}

function right(t: Record<string, any>) : Record<string, any> {
	return t["right"]
}

function value(t: Record<string, any>) : number {
	return t["value"]
}

function preorder(t: Record<string, any>) : Array<number> {
	if (isLeaf(t)) {
		return []
	}
	return [value(t)].concat(preorder(left(t))).concat(preorder(right(t)))
}

function reverse(xs: Array<number>) : Array<number> {
	let result: Array<any> = []
	for (const x of xs) {
		result = [x].concat(result)
	}
	return result
}

function flatten(root: Record<string, any>) : Record<string, any> {
	let vals: Array<number> = reverse(preorder(root))
	let t: Record<string, any> = Leaf()
	for (const v of vals) {
		t = Node(Leaf(), v, t)
	}
	return t
}

function equalTrees(a: Record<string, any>, b: Record<string, any>) : boolean {
	if ((isLeaf(a) && isLeaf(b))) {
		return true
	}
	if ((isLeaf(a) || isLeaf(b))) {
		return false
	}
	return (((value(a) == value(b)) && equalTrees(left(a), left(b))) && equalTrees(right(a), right(b)))
}

function example_1(): void {
	if (!((equalTrees(flatten(example1), flattened1) == true))) { throw new Error('expect failed') }
}

function single_node(): void {
	let tree: Record<string, any> = Node(Leaf(), 0, Leaf())
	if (!((equalTrees(flatten(tree), tree) == true))) { throw new Error('expect failed') }
}

function empty(): void {
	if (!((isLeaf(flatten(Leaf())) == true))) { throw new Error('expect failed') }
}

function main(): void {
	example_1()
	single_node()
	empty()
}
function _equal(a: any, b: any): boolean {
  if (Array.isArray(a) && Array.isArray(b)) {
    if (a.length !== b.length) return false;
    for (let i = 0; i < a.length; i++) { if (!_equal(a[i], b[i])) return false; }
    return true;
  }
  if (a && b && typeof a === 'object' && typeof b === 'object') {
    const ak = Object.keys(a); const bk = Object.keys(b);
    if (ak.length !== bk.length) return false;
    for (const k of ak) { if (!bk.includes(k) || !_equal((a as any)[k], (b as any)[k])) return false; }
    return true;
  }
  return a === b;
}

main()

