# Generated by Mochi Python compiler
from __future__ import annotations

import typing

def numTrees(n: int) -> int:
	dp = []
	i = 0
	while (i <= n):
		dp = (dp + [0])
		i = (i + 1)
	dp[0] = 1
	if (n >= 1):
		dp[1] = 1
	i = 2
	while (i <= n):
		j = 1
		while (j <= i):
			dp[i] = (dp[i] + (dp[(j - 1)] * dp[(i - j)]))
			j = (j + 1)
		i = (i + 1)
	return dp[n]

def example_1():
	assert (numTrees(3) == 5)

def example_2():
	assert (numTrees(1) == 1)

def n___2():
	assert (numTrees(2) == 2)

def n___5():
	assert (numTrees(5) == 42)

def main():
	example_1()
	example_2()
	n___2()
	n___5()

if __name__ == "__main__":
	main()
