// Generated by Mochi TypeScript compiler

function parseInt(s: string) : number {
	let result: number = 0
	let i: number = 0
	let digits: Record<string, number> = {"0": 0, "1": 1, "2": 2, "3": 3, "4": 4, "5": 5, "6": 6, "7": 7, "8": 8, "9": 9}
	while ((i < s.length)) {
		result = ((result * 10) + digits[s[i]])
		i = (i + 1)
	}
	return result
}

function addOperators(num: string, target: number) : Array<string> {
	let result: Array<any> = []
	function backtrack(pos: number, expr: string, value: number, prev: number) : void {
		if ((pos == num.length)) {
			if ((value == target)) {
				result = result.concat([expr])
			}
		} else {
			let i: number = pos
			while ((i < num.length)) {
				if (((i != pos) && (num[pos] == "0"))) {
					break
				}
				let part: string = num.slice(pos, (i + 1))
				let cur: number = parseInt(part)
				if ((pos == 0)) {
					backtrack((i + 1), part, cur, cur)
				} else {
					backtrack((i + 1), expr + "+" + part, (value + cur), cur)
					backtrack((i + 1), expr + "-" + part, (value - cur), (-cur))
					backtrack((i + 1), expr + "*" + part, ((value - prev) + (prev * cur)), (prev * cur))
				}
				i = (i + 1)
			}
		}
	}
	backtrack(0, "", 0, 0)
	return result
}

function example_1(): void {
	let res: Array<string> = addOperators("123", 6)
	let sorted: Array<any> = (() => {
	const _src = res;
	let _items = [];
	for (const x of _src) {
		_items.push(x);
	}
	let _pairs = _items.map(it => { const x = it; return {item: it, key: x}; });
	_pairs.sort((a, b) => {
		const ak = a.key; const bk = b.key;
		if (typeof ak === 'number' && typeof bk === 'number') return ak - bk;
		if (typeof ak === 'string' && typeof bk === 'string') return ak < bk ? -1 : (ak > bk ? 1 : 0);
		return String(ak) < String(bk) ? -1 : (String(ak) > String(bk) ? 1 : 0);
	});
	_items = _pairs.map(p => p.item);
	const _res = [];
	for (const x of _items) {
		_res.push(x)
	}
	return _res;
})()
	if (!(_equal(sorted, ["1*2*3", "1+2+3"]))) { throw new Error('expect failed') }
}

function example_2(): void {
	let res: Array<string> = addOperators("232", 8)
	let sorted: Array<any> = (() => {
	const _src = res;
	let _items = [];
	for (const x of _src) {
		_items.push(x);
	}
	let _pairs = _items.map(it => { const x = it; return {item: it, key: x}; });
	_pairs.sort((a, b) => {
		const ak = a.key; const bk = b.key;
		if (typeof ak === 'number' && typeof bk === 'number') return ak - bk;
		if (typeof ak === 'string' && typeof bk === 'string') return ak < bk ? -1 : (ak > bk ? 1 : 0);
		return String(ak) < String(bk) ? -1 : (String(ak) > String(bk) ? 1 : 0);
	});
	_items = _pairs.map(p => p.item);
	const _res = [];
	for (const x of _items) {
		_res.push(x)
	}
	return _res;
})()
	if (!(_equal(sorted, ["2*3+2", "2+3*2"]))) { throw new Error('expect failed') }
}

function example_3(): void {
	let res: Array<string> = addOperators("105", 5)
	let sorted: Array<any> = (() => {
	const _src = res;
	let _items = [];
	for (const x of _src) {
		_items.push(x);
	}
	let _pairs = _items.map(it => { const x = it; return {item: it, key: x}; });
	_pairs.sort((a, b) => {
		const ak = a.key; const bk = b.key;
		if (typeof ak === 'number' && typeof bk === 'number') return ak - bk;
		if (typeof ak === 'string' && typeof bk === 'string') return ak < bk ? -1 : (ak > bk ? 1 : 0);
		return String(ak) < String(bk) ? -1 : (String(ak) > String(bk) ? 1 : 0);
	});
	_items = _pairs.map(p => p.item);
	const _res = [];
	for (const x of _items) {
		_res.push(x)
	}
	return _res;
})()
	if (!(_equal(sorted, ["1*0+5", "10-5"]))) { throw new Error('expect failed') }
}

function example_4(): void {
	let res: Array<string> = addOperators("00", 0)
	let sorted: Array<any> = (() => {
	const _src = res;
	let _items = [];
	for (const x of _src) {
		_items.push(x);
	}
	let _pairs = _items.map(it => { const x = it; return {item: it, key: x}; });
	_pairs.sort((a, b) => {
		const ak = a.key; const bk = b.key;
		if (typeof ak === 'number' && typeof bk === 'number') return ak - bk;
		if (typeof ak === 'string' && typeof bk === 'string') return ak < bk ? -1 : (ak > bk ? 1 : 0);
		return String(ak) < String(bk) ? -1 : (String(ak) > String(bk) ? 1 : 0);
	});
	_items = _pairs.map(p => p.item);
	const _res = [];
	for (const x of _items) {
		_res.push(x)
	}
	return _res;
})()
	if (!(_equal(sorted, ["0*0", "0+0", "0-0"]))) { throw new Error('expect failed') }
}

function example_5(): void {
	if (!(_equal(addOperators("3456237490", 9191), []))) { throw new Error('expect failed') }
}

function single_number(): void {
	if (!(_equal(addOperators("5", 5), ["5"]))) { throw new Error('expect failed') }
}

function main(): void {
	example_1()
	example_2()
	example_3()
	example_4()
	example_5()
	single_number()
}
function _equal(a: any, b: any): boolean {
  if (Array.isArray(a) && Array.isArray(b)) {
    if (a.length !== b.length) return false;
    for (let i = 0; i < a.length; i++) { if (!_equal(a[i], b[i])) return false; }
    return true;
  }
  if (a && b && typeof a === 'object' && typeof b === 'object') {
    const ak = Object.keys(a); const bk = Object.keys(b);
    if (ak.length !== bk.length) return false;
    for (const k of ak) { if (!bk.includes(k) || !_equal((a as any)[k], (b as any)[k])) return false; }
    return true;
  }
  return a === b;
}

main()

