// Generated by Mochi TypeScript compiler

function canPermutePalindrome(s: string) : boolean {
	let counts: Record<any, any> = {}
	let i: number = 0
	while ((i < s.length)) {
		let ch: string = s[i]
		if (Object.prototype.hasOwnProperty.call(counts, String(ch))) {
			counts[ch] = (counts[ch] + 1)
		} else {
			counts[ch] = 1
		}
		i = (i + 1)
	}
	let oddCount: number = 0
	for (const key of Object.keys(counts)) {
		if (_equal((counts[key] % 2), 1)) {
			oddCount = (oddCount + 1)
			if ((oddCount > 1)) {
				return false
			}
		}
	}
	return true
}

function example_1(): void {
	if (!((canPermutePalindrome("code") == false))) { throw new Error('expect failed') }
}

function example_2(): void {
	if (!((canPermutePalindrome("aab") == true))) { throw new Error('expect failed') }
}

function example_3(): void {
	if (!((canPermutePalindrome("carerac") == true))) { throw new Error('expect failed') }
}

function empty_string(): void {
	if (!((canPermutePalindrome("") == true))) { throw new Error('expect failed') }
}

function single_char(): void {
	if (!((canPermutePalindrome("a") == true))) { throw new Error('expect failed') }
}

function two_odds(): void {
	if (!((canPermutePalindrome("abc") == false))) { throw new Error('expect failed') }
}

function main(): void {
	example_1()
	example_2()
	example_3()
	empty_string()
	single_char()
	two_odds()
}
function _equal(a: any, b: any): boolean {
  if (Array.isArray(a) && Array.isArray(b)) {
    if (a.length !== b.length) return false;
    for (let i = 0; i < a.length; i++) { if (!_equal(a[i], b[i])) return false; }
    return true;
  }
  if (a && b && typeof a === 'object' && typeof b === 'object') {
    const ak = Object.keys(a); const bk = Object.keys(b);
    if (ak.length !== bk.length) return false;
    for (const k of ak) { if (!bk.includes(k) || !_equal((a as any)[k], (b as any)[k])) return false; }
    return true;
  }
  return a === b;
}

main()

