# Generated by Mochi Python compiler
from __future__ import annotations

import typing

def formatRange(start: int, end: int) -> str:
	if (start == end):
		return str(start)
	return ((str(start) + "->") + str(end))

def findMissingRanges(nums: list[int], lower: int, upper: int) -> list[str]:
	result = []
	prev = (lower - 1)
	i = 0
	while (i <= len(nums)):
		curr = 0
		if (i == len(nums)):
			curr = (upper + 1)
		else:
			curr = nums[i]
		if ((curr - prev) >= 2):
			result = (result + [formatRange((prev + 1), (curr - 1))])
		prev = curr
		i = (i + 1)
	return result

def example_1():
	assert (findMissingRanges([0, 1, 3, 50, 75], 0, 99) == ["2", "4->49", "51->74", "76->99"])

def example_2():
	assert (findMissingRanges([], 1, 1) == ["1"])

def main():
	example_1()
	example_2()

if __name__ == "__main__":
	main()
