# Generated by Mochi Python compiler
from __future__ import annotations

import typing

def reverseVowels(s: str) -> str:
	vowels = {"a": True, "e": True, "i": True, "o": True, "u": True, "A": True, "E": True, "I": True, "O": True, "U": True}
	chars = []
	for ch in s:
		chars = (chars + [ch])
	i = 0
	j = (len(chars) - 1)
	while (i < j):
		while (i < j):
			if (chars[i] in vowels):
				break
			i = (i + 1)
		while (i < j):
			if (chars[j] in vowels):
				break
			j = (j - 1)
		if (i < j):
			tmp = chars[i]
			chars[i] = chars[j]
			chars[j] = tmp
			i = (i + 1)
			j = (j - 1)
	result = ""
	for ch in chars:
		result = (result + ch)
	return result

def example_1():
	assert (reverseVowels("hello") == "holle")

def example_2():
	assert (reverseVowels("leetcode") == "leotcede")

def mixed_case():
	assert (reverseVowels("aA") == "Aa")

def empty_string():
	assert (reverseVowels("") == "")

def main():
	example_1()
	example_2()
	mixed_case()
	empty_string()

if __name__ == "__main__":
	main()
