package main

import (
	"reflect"
)

func expect(cond bool) {
	if !cond { panic("expect failed") }
}

type Tree interface { isTree() }
type Leaf struct {
}
func (Leaf) isTree() {}
type Node struct {
	Left any `json:"left"`
	Value int `json:"value"`
	Right any `json:"right"`
}
func (Node) isTree() {}

func levelOrderBottom(root any) [][]int {
	if func() bool {
	_t := root
	switch _t {
	case Leaf:
		return true
	default:
		return false
	}
}() {
		return _cast[[][]int]([]any{})
	}
	var result [][]int = [][]int{}
	_ = result
	var queue []any = []any{root}
	_ = queue
	for (len(queue) > 0) {
		var level []int = []int{}
		_ = level
		var next []any = []any{}
		_ = next
		for _, node := range queue {
			if func() bool {
	_t := node
	switch _t {
	case Leaf:
		return false
	default:
		return true
	}
}() {
				level = append(append([]any{}, _toAnySlice(level)...), []any{node.Value}...)
				if func() bool {
	_t := node.Left
	switch _t {
	case Leaf:
		return false
	default:
		return true
	}
}() {
					next = append(append([]any{}, next...), []any{node.Left}...)
				}
				if func() bool {
	_t := node.Right
	switch _t {
	case Leaf:
		return false
	default:
		return true
	}
}() {
					next = append(append([]any{}, next...), []any{node.Right}...)
				}
			}
		}
		result = append(append([][]int{}, [][]int{level}...), result...)
		queue = next
	}
	return result
}

func example_1() {
	expect(_equal(levelOrderBottom(example1), [][]int{[]int{15, 7}, []int{9, 20}, []int{3}}))
}

func single_node() {
	expect(_equal(levelOrderBottom(Node{Left: Leaf{}, Value: 1, Right: Leaf{}}), [][]int{[]int{1}}))
}

func empty() {
	expect(_equal(levelOrderBottom(Leaf{}), []any{}))
}

var example1 Node = Node{Left: Node{Left: Leaf{}, Value: 9, Right: Leaf{}}, Value: 3, Right: Node{Left: Node{Left: Leaf{}, Value: 15, Right: Leaf{}}, Value: 20, Right: Node{Left: Leaf{}, Value: 7, Right: Leaf{}}}}
func main() {
	example_1()
	single_node()
	empty()
}

func _cast[T any](v any) T {
    data, err := json.Marshal(v)
    if err != nil { panic(err) }
    var out T
    if err := json.Unmarshal(data, &out); err != nil { panic(err) }
    return out
}

func _equal(a, b any) bool {
    return reflect.DeepEqual(a, b)
}

func _toAnySlice[T any](s []T) []any {
    out := make([]any, len(s))
    for i, v := range s { out[i] = v }
    return out
}

