// Generated by Mochi TypeScript compiler

function tenthLine(lines: Array<string>) : string {
	if ((lines.length < 10)) {
		return ""
	}
	return lines[9]
}

function has_tenth_line(): void {
	let lines: Array<string> = ["Line1", "Line2", "Line3", "Line4", "Line5", "Line6", "Line7", "Line8", "Line9", "Line10"]
	if (!((tenthLine(lines) == "Line10"))) { throw new Error('expect failed') }
}

function not_enough_lines(): void {
	let lines: Array<string> = ["a", "b", "c"]
	if (!((tenthLine(lines) == ""))) { throw new Error('expect failed') }
}

function main(): void {
	has_tenth_line()
	not_enough_lines()
}
main()

