# Generated by Mochi Python compiler
from __future__ import annotations

import typing

def isPalindromeList(values: list[int]) -> bool:
	n = len(values)
	i = 0
	j = (n - 1)
	while (i < j):
		if (values[i] != values[j]):
			return False
		i = (i + 1)
		j = (j - 1)
	return True

def example_1():
	assert (isPalindromeList([1, 2, 2, 1]) == True)

def example_2():
	assert (isPalindromeList([1, 2]) == False)

def single_element():
	assert (isPalindromeList([7]) == True)

def empty_list():
	assert (isPalindromeList([]) == True)

def main():
	example_1()
	example_2()
	single_element()
	empty_list()

if __name__ == "__main__":
	main()
