// Generated by Mochi TypeScript compiler

function bulbSwitch(n: number) : number {
	let count: any = 0
	let i: number = 1
	while (((i * i) <= n)) {
		count = (count + 1)
		i = (i + 1)
	}
	return count
}

function example_1(): void {
	if (!((bulbSwitch(3) == 1))) { throw new Error('expect failed') }
}

function example_2(): void {
	if (!((bulbSwitch(0) == 0))) { throw new Error('expect failed') }
}

function example_3(): void {
	if (!((bulbSwitch(1) == 1))) { throw new Error('expect failed') }
}

function larger_n(): void {
	if (!((bulbSwitch(9999) == 99))) { throw new Error('expect failed') }
}

function main(): void {
	example_1()
	example_2()
	example_3()
	larger_n()
}
main()

