# Generated by Mochi Python compiler
from __future__ import annotations

import dataclasses
import typing

def pathSum(root: Tree, targetSum: int) -> list[list[int]]:
	def dfs(node: typing.Any, remaining: int, path: list[int]) -> list[list[int]]:
		def handle(l: typing.Any, v: int, r: typing.Any, rem: int, p: list[int]) -> list[list[int]]:
			leftEmpty = (lambda _t=l: True if isinstance(_t, Leaf) else False)()
			rightEmpty = (lambda _t=r: True if isinstance(_t, Leaf) else False)()
			newRemaining = (rem - v)
			newPath = (p + [v])
			if (leftEmpty and rightEmpty):
				if (newRemaining == 0):
					return [newPath]
				else:
					return []
			return (dfs(l, newRemaining, newPath) + dfs(r, newRemaining, newPath))
		return (lambda _t=node: [] if isinstance(_t, Leaf) else (lambda l, v, r: handle(l, v, r, remaining, path))(_t.left, _t.value, _t.right) if isinstance(_t, Node) else None)()
	return dfs(root, targetSum, [])

class Tree:
	pass
@dataclasses.dataclass
class Leaf(Tree):
	pass
@dataclasses.dataclass
class Node(Tree):
	left: typing.Any
	value: int
	right: typing.Any

def example_1():
	rootLeft = Node(left=Node(left=Leaf(), value=7, right=Leaf()), value=11, right=Node(left=Leaf(), value=2, right=Leaf()))
	tree = Node(left=Node(left=rootLeft, value=4, right=Leaf()), value=5, right=Node(left=Node(left=Leaf(), value=13, right=Leaf()), value=8, right=Node(left=Node(left=Leaf(), value=5, right=Leaf()), value=4, right=Node(left=Leaf(), value=1, right=Leaf()))))
	assert (pathSum(tree, 22) == [[5, 4, 11, 2], [5, 8, 4, 5]])

def example_2():
	tree = Node(left=Node(left=Leaf(), value=2, right=Leaf()), value=1, right=Node(left=Leaf(), value=3, right=Leaf()))
	assert (pathSum(tree, 5) == [])

def example_3():
	tree = Node(left=Node(left=Leaf(), value=2, right=Leaf()), value=1, right=Leaf())
	assert (pathSum(tree, 0) == [])

def main():
	example_1()
	example_2()
	example_3()

if __name__ == "__main__":
	main()
