# Generated by Mochi Python compiler
from __future__ import annotations

import typing

def twoSum(numbers: list[int], target: int) -> list[int]:
	left = 0
	right = (len(numbers) - 1)
	while (left < right):
		sum = (numbers[left] + numbers[right])
		if (sum == target):
			return [(left + 1), (right + 1)]
		elif (sum < target):
			left = (left + 1)
		else:
			right = (right - 1)
	return []

def example_1():
	assert (twoSum([2, 7, 11, 15], 9) == [1, 2])

def example_2():
	assert (twoSum([2, 3, 4], 6) == [1, 3])

def example_3():
	assert (twoSum([(-1), 0], (-1)) == [1, 2])

def main():
	example_1()
	example_2()
	example_3()

if __name__ == "__main__":
	main()
