# Generated by Mochi Python compiler
from __future__ import annotations

import typing

def uniquePaths(m: int, n: int) -> int:
	dp = []
	i = 0
	while (i < n):
		dp = (dp + [1])
		i = (i + 1)
	row = 1
	while (row < m):
		col = 1
		while (col < n):
			dp[col] = (dp[col] + dp[(col - 1)])
			col = (col + 1)
		row = (row + 1)
	return dp[(n - 1)]

def example_1():
	assert (uniquePaths(3, 7) == 28)

def example_2():
	assert (uniquePaths(3, 2) == 3)

def example_3():
	assert (uniquePaths(7, 3) == 28)

def example_4():
	assert (uniquePaths(3, 3) == 6)

def main():
	example_1()
	example_2()
	example_3()
	example_4()

if __name__ == "__main__":
	main()
