# Generated by Mochi Python compiler
from __future__ import annotations

import typing

def reverseBetween(nums: list[int], left: int, right: int) -> list[int]:
	if (left >= right):
		return nums
	if ((left < 1) or (right > len(nums))):
		return nums
	result = nums
	i = (left - 1)
	j = (right - 1)
	while (i < j):
		temp = result[i]
		result[i] = result[j]
		result[j] = temp
		i = (i + 1)
		j = (j - 1)
	return result

def example_1():
	assert (reverseBetween([1, 2, 3, 4, 5], 2, 4) == [1, 4, 3, 2, 5])

def left_equals_right():
	assert (reverseBetween([1, 2, 3], 2, 2) == [1, 2, 3])

def main():
	example_1()
	left_equals_right()

if __name__ == "__main__":
	main()
