# Generated by Mochi Python compiler
from __future__ import annotations

import typing

def removeElement(nums: list[int], val: int) -> int:
	k = 0
	i = 0
	while (i < len(nums)):
		if (nums[i] != val):
			nums[k] = nums[i]
			k = (k + 1)
		i = (i + 1)
	return k

def example_1():
	nums = [3, 2, 2, 3]
	k = removeElement(nums, 3)
	assert (k == 2)
	assert (nums[0:k] == [2, 2])

def example_2():
	nums = [0, 1, 2, 2, 3, 0, 4, 2]
	k = removeElement(nums, 2)
	assert (k == 5)
	assert (nums[0:k] == [0, 1, 3, 0, 4])

def no_removal():
	nums = [1, 2, 3]
	k = removeElement(nums, 4)
	assert (k == 3)
	assert (nums[0:k] == [1, 2, 3])

def main():
	example_1()
	example_2()
	no_removal()

if __name__ == "__main__":
	main()
