package main

import (
	"fmt"
	"reflect"
	"sort"
)

func expect(cond bool) {
	if !cond { panic("expect failed") }
}

type Tree interface { isTree() }
type Leaf struct {
}
func (Leaf) isTree() {}
type Node struct {
	Left any `json:"left"`
	Value int `json:"value"`
	Right any `json:"right"`
}
func (Node) isTree() {}

func inorder(t any) []int {
	return func() []int {
	_t := t
	switch _t {
	case Leaf:
		return _cast[[]int]([]any{})
	case Node(l, v, r):
		return append(append([]any{}, append(append([]any{}, _toAnySlice(inorder(l))...), []any{v}...)...), _toAnySlice(inorder(r))...)
	}
}()
}

func recoverTree(t any) any {
	var vals []int = inorder(t)
	var sortedVals []any = func() []int {
	items := []int{}
	for _, x := range vals {
		items = append(items, x)
	}
	type pair struct { item int; key any }
	pairs := make([]pair, len(items))
	for idx, it := range items {
		x := it
		pairs[idx] = pair{item: it, key: x}
	}
	sort.Slice(pairs, func(i, j int) bool {
		a, b := pairs[i].key, pairs[j].key
		switch av := a.(type) {
		case int:
			switch bv := b.(type) {
			case int:
				return av < bv
			case float64:
				return float64(av) < bv
			}
		case float64:
			switch bv := b.(type) {
			case int:
				return av < float64(bv)
			case float64:
				return av < bv
			}
		case string:
			bs, _ := b.(string)
			return av < bs
		}
		return fmt.Sprint(a) < fmt.Sprint(b)
	})
	for idx, p := range pairs {
		items[idx] = p.item
	}
	res := []int{}
	for _, x := range items {
		res = append(res, x)
	}
	return res
}()
	var build = func(lo int, hi int) any {
		if (lo >= hi) {
			return Leaf{}
		}
		var mid int = (((lo + hi)) / 2)
		return Node{Left: build(lo, mid), Value: sortedVals[mid], Right: build((mid + 1), hi)}
}
	return build(0, len(sortedVals))
}

func main() {
	var ex any = Node{Left: Node{Left: Leaf{}, Value: 3, Right: Leaf{}}, Value: 1, Right: Node{Left: Leaf{}, Value: 4, Right: Leaf{}}}
	var fixed any = recoverTree(ex)
	expect(_equal(inorder(fixed), []int{1, 3, 4}))
	var ex2 any = Node{Left: Node{Left: Leaf{}, Value: 2, Right: Leaf{}}, Value: 4, Right: Node{Left: Leaf{}, Value: 1, Right: Leaf{}}}
	var fixed2 any = recoverTree(ex2)
	expect(_equal(inorder(fixed2), []int{1, 2, 4}))
}

func _cast[T any](v any) T {
    data, err := json.Marshal(v)
    if err != nil { panic(err) }
    var out T
    if err := json.Unmarshal(data, &out); err != nil { panic(err) }
    return out
}

func _equal(a, b any) bool {
    return reflect.DeepEqual(a, b)
}

func _toAnySlice[T any](s []T) []any {
    out := make([]any, len(s))
    for i, v := range s { out[i] = v }
    return out
}

