package main

import (
	"reflect"
)

func expect(cond bool) {
	if !cond { panic("expect failed") }
}

func letterCombinations(digits string) []string {
	if (len(digits) == 0) {
		return _cast[[]string]([]any{})
	}
	var mapping map[string][]string = map[string][]string{"2": []string{"a", "b", "c"}, "3": []string{"d", "e", "f"}, "4": []string{"g", "h", "i"}, "5": []string{"j", "k", "l"}, "6": []string{"m", "n", "o"}, "7": []string{"p", "q", "r", "s"}, "8": []string{"t", "u", "v"}, "9": []string{"w", "x", "y", "z"}}
	var result []string = []string{""}
	_ = result
	for _, r := range []rune(digits) {
		d := string(r)
		_tmp0 := d
		_tmp1 := mapping
		_, _tmp2 := _tmp1[_tmp0]
		if !(_tmp2) {
			continue
		}
		var letters []string = mapping[d]
		var next []any = func() []string {
	res := []string{}
	for _, p := range result {
		for _, ch := range letters {
			res = append(res, p + ch)
		}
	}
	return res
}()
		result = next
	}
	return result
}

func example_1() {
	expect(_equal(letterCombinations("23"), []string{"ad", "ae", "af", "bd", "be", "bf", "cd", "ce", "cf"}))
}

func example_2() {
	expect(_equal(letterCombinations(""), []any{}))
}

func example_3() {
	expect(_equal(letterCombinations("2"), []string{"a", "b", "c"}))
}

func single_seven() {
	expect(_equal(letterCombinations("7"), []string{"p", "q", "r", "s"}))
}

func mix() {
	expect(_equal(letterCombinations("79"), []string{"pw", "px", "py", "pz", "qw", "qx", "qy", "qz", "rw", "rx", "ry", "rz", "sw", "sx", "sy", "sz"}))
}

func main() {
	example_1()
	example_2()
	example_3()
	single_seven()
	mix()
}

func _cast[T any](v any) T {
    data, err := json.Marshal(v)
    if err != nil { panic(err) }
    var out T
    if err := json.Unmarshal(data, &out); err != nil { panic(err) }
    return out
}

func _equal(a, b any) bool {
    return reflect.DeepEqual(a, b)
}

