# Generated by Mochi Python compiler
from __future__ import annotations

import typing

def maxAreaAlt(height: list[int]) -> int:
	left = 0
	right = (len(height) - 1)
	best = 0
	while (left < right):
		h = height[left]
		if (height[right] < h):
			h = height[right]
		area = (h * ((right - left)))
		if (area > best):
			best = area
		if (height[left] < height[right]):
			left = (left + 1)
		else:
			right = (right - 1)
	return best

def example_1():
	assert (maxAreaAlt([1, 8, 6, 2, 5, 4, 8, 3, 7]) == 49)

def example_2():
	assert (maxAreaAlt([1, 1]) == 1)

def decreasing_heights():
	assert (maxAreaAlt([4, 3, 2, 1, 4]) == 16)

def short_array():
	assert (maxAreaAlt([1, 2, 1]) == 2)

def main():
	example_1()
	example_2()
	decreasing_heights()
	short_array()

if __name__ == "__main__":
	main()
