# Generated by Mochi Python compiler
from __future__ import annotations

import typing

def maxArea(height: list[int]) -> int:
	left = 0
	right = (len(height) - 1)
	maxArea = 0
	while (left < right):
		width = (right - left)
		h = 0
		if (height[left] < height[right]):
			h = height[left]
		else:
			h = height[right]
		area = (h * width)
		if (area > maxArea):
			maxArea = area
		if (height[left] < height[right]):
			left = (left + 1)
		else:
			right = (right - 1)
	return maxArea

def example_1():
	assert (maxArea([1, 8, 6, 2, 5, 4, 8, 3, 7]) == 49)

def example_2():
	assert (maxArea([1, 1]) == 1)

def decreasing_heights():
	assert (maxArea([4, 3, 2, 1, 4]) == 16)

def short_array():
	assert (maxArea([1, 2, 1]) == 2)

def main():
	example_1()
	example_2()
	decreasing_heights()
	short_array()

if __name__ == "__main__":
	main()
