# Generated by Mochi Python compiler
from __future__ import annotations

import typing

def deleteDuplicates(nums: list[int]) -> list[int]:
	n = len(nums)
	if (n == 0):
		return []
	result = [nums[0]]
	i = 1
	while (i < n):
		if (nums[i] != result[(len(result) - 1)]):
			result = (result + [nums[i]])
		i = (i + 1)
	return result

def example_1():
	assert (deleteDuplicates([1, 1, 2]) == [1, 2])

def example_2():
	assert (deleteDuplicates([1, 1, 2, 3, 3]) == [1, 2, 3])

def empty_list():
	assert (deleteDuplicates([]) == [])

def single_element():
	assert (deleteDuplicates([0]) == [0])

def main():
	example_1()
	example_2()
	empty_list()
	single_element()

if __name__ == "__main__":
	main()
