# Generated by Mochi Python compiler
from __future__ import annotations

import typing

def deleteNode(values: list[int], index: int) -> list[int]:
	arr = values
	i = index
	while (i < (len(arr) - 1)):
		arr[i] = arr[(i + 1)]
		i = (i + 1)
	return arr[0:(len(arr) - 1)]

def example_1():
	assert (deleteNode([4, 5, 1, 9], 1) == [4, 1, 9])

def example_2():
	assert (deleteNode([4, 5, 1, 9], 2) == [4, 5, 9])

def delete_first():
	assert (deleteNode([1, 2, 3], 0) == [2, 3])

def delete_middle():
	assert (deleteNode([1, 2, 3, 4], 2) == [1, 2, 4])

def main():
	example_1()
	example_2()
	delete_first()
	delete_middle()

if __name__ == "__main__":
	main()
