// Generated by Mochi TypeScript compiler

function getSkyline(buildings: Array<Array<number>>) : Array<Array<number>> {
	let edges: Array<any> = []
	for (const b of buildings) {
		edges = edges.concat([[b[0], (-b[2])]])
		edges = edges.concat([[b[1], b[2]]])
	}
	let byH: Array<any> = (() => {
	const _src = edges;
	let _items = [];
	for (const e of _src) {
		_items.push(e);
	}
	let _pairs = _items.map(it => { const e = it; return {item: it, key: (e as any)[1]}; });
	_pairs.sort((a, b) => {
		const ak = a.key; const bk = b.key;
		if (typeof ak === 'number' && typeof bk === 'number') return ak - bk;
		if (typeof ak === 'string' && typeof bk === 'string') return ak < bk ? -1 : (ak > bk ? 1 : 0);
		return String(ak) < String(bk) ? -1 : (String(ak) > String(bk) ? 1 : 0);
	});
	_items = _pairs.map(p => p.item);
	const _res = [];
	for (const e of _items) {
		_res.push(e)
	}
	return _res;
})()
	let sorted: Array<any> = (() => {
	const _src = byH;
	let _items = [];
	for (const e of _src) {
		_items.push(e);
	}
	let _pairs = _items.map(it => { const e = it; return {item: it, key: (e as any)[0]}; });
	_pairs.sort((a, b) => {
		const ak = a.key; const bk = b.key;
		if (typeof ak === 'number' && typeof bk === 'number') return ak - bk;
		if (typeof ak === 'string' && typeof bk === 'string') return ak < bk ? -1 : (ak > bk ? 1 : 0);
		return String(ak) < String(bk) ? -1 : (String(ak) > String(bk) ? 1 : 0);
	});
	_items = _pairs.map(p => p.item);
	const _res = [];
	for (const e of _items) {
		_res.push(e)
	}
	return _res;
})()
	let heights: Array<number> = [0]
	let prev: number = 0
	let result: Array<any> = []
	for (const edge of sorted) {
		let x: any = (edge as any)[0]
		let h: any = (edge as any)[1]
		if ((h < 0)) {
			heights = heights.concat([(-h)])
		} else {
			let idx: number = (-1)
			for (let i: number = 0; i < heights.length; i++) {
				if (_equal(heights[i], h)) {
					idx = i
					break
				}
			}
			if ((idx >= 0)) {
				heights = heights.slice(0, idx).concat(heights.slice((idx + 1), heights.length))
			}
		}
		let curr: number = 0
		for (const ht of heights) {
			if ((ht > curr)) {
				curr = ht
			}
		}
		if ((curr != prev)) {
			result = result.concat([[x, curr]])
			prev = curr
		}
	}
	return result
}

function example_1(): void {
	if (!(_equal(getSkyline([[2, 9, 10], [3, 7, 15], [5, 12, 12], [15, 20, 10], [19, 24, 8]]), [[2, 10], [3, 15], [7, 12], [12, 0], [15, 10], [20, 8], [24, 0]]))) { throw new Error('expect failed') }
}

function example_2(): void {
	if (!(_equal(getSkyline([[0, 2, 3], [2, 5, 3]]), [[0, 3], [5, 0]]))) { throw new Error('expect failed') }
}

function single_building(): void {
	if (!(_equal(getSkyline([[1, 5, 4]]), [[1, 4], [5, 0]]))) { throw new Error('expect failed') }
}

function overlap(): void {
	if (!(_equal(getSkyline([[1, 3, 3], [1, 4, 2], [3, 4, 1]]), [[1, 3], [3, 2], [4, 0]]))) { throw new Error('expect failed') }
}

function main(): void {
	example_1()
	example_2()
	single_building()
	overlap()
}
function _equal(a: any, b: any): boolean {
  if (Array.isArray(a) && Array.isArray(b)) {
    if (a.length !== b.length) return false;
    for (let i = 0; i < a.length; i++) { if (!_equal(a[i], b[i])) return false; }
    return true;
  }
  if (a && b && typeof a === 'object' && typeof b === 'object') {
    const ak = Object.keys(a); const bk = Object.keys(b);
    if (ak.length !== bk.length) return false;
    for (const k of ak) { if (!bk.includes(k) || !_equal((a as any)[k], (b as any)[k])) return false; }
    return true;
  }
  return a === b;
}

main()

