package main

func expect(cond bool) {
	if !cond { panic("expect failed") }
}

func maxProfit(prices []int) int {
	var n int = len(prices)
	var profit int = 0
	_ = profit
	var i int = 1
	_ = i
	for (i < n) {
		var diff int = (prices[i] - prices[(i - 1)])
		if (diff > 0) {
			profit = (profit + diff)
		}
		i = (i + 1)
	}
	return profit
}

func example_1() {
	expect((maxProfit([]int{7, 1, 5, 3, 6, 4}) == 7))
}

func example_2() {
	expect((maxProfit([]int{1, 2, 3, 4, 5}) == 4))
}

func example_3() {
	expect((maxProfit([]int{7, 6, 4, 3, 1}) == 0))
}

func main() {
	example_1()
	example_2()
	example_3()
}

