package main

func expect(cond bool) {
	if !cond { panic("expect failed") }
}

func containsDuplicate(nums []int) bool {
	var seen map[int]bool = map[int]bool{}
	_ = seen
	for _, n := range nums {
		_tmp0 := n
		_tmp1 := seen
		_, _tmp2 := _tmp1[_tmp0]
		if _tmp2 {
			return true
		}
		seen[n] = true
	}
	return false
}

func example_1() {
	expect((containsDuplicate([]int{1, 2, 3, 1}) == true))
}

func example_2() {
	expect((containsDuplicate([]int{1, 2, 3, 4}) == false))
}

func example_3() {
	expect((containsDuplicate([]int{1, 1, 1, 3, 3, 4, 3, 2, 4, 2}) == true))
}

func main() {
	example_1()
	example_2()
	example_3()
}

