// Generated by Mochi TypeScript compiler

function getSum(a: number, b: number) : number {
	return (a + b)
}

function example_1(): void {
	if (!((getSum(1, 2) == 3))) { throw new Error('expect failed') }
}

function example_2(): void {
	if (!((getSum(2, 3) == 5))) { throw new Error('expect failed') }
}

function negative(): void {
	if (!((getSum((-2), 3) == 1))) { throw new Error('expect failed') }
}

function zero(): void {
	if (!((getSum(0, 0) == 0))) { throw new Error('expect failed') }
}

function main(): void {
	example_1()
	example_2()
	negative()
	zero()
}
main()

