# Generated by Mochi Python compiler
from __future__ import annotations

import typing

def lengthOfLastWord(s: str) -> int:
	i = (len(s) - 1)
	while ((i >= 0) and (s[i] == " ")):
		i = (i - 1)
	length = 0
	while ((i >= 0) and (s[i] != " ")):
		length = (length + 1)
		i = (i - 1)
	return length

def example_1():
	assert (lengthOfLastWord("Hello World") == 5)

def example_2():
	assert (lengthOfLastWord("   fly me   to   the moon  ") == 4)

def example_3():
	assert (lengthOfLastWord("luffy is still joyboy") == 6)

def only_spaces():
	assert (lengthOfLastWord("   ") == 0)

def main():
	example_1()
	example_2()
	example_3()
	only_spaces()

if __name__ == "__main__":
	main()
