package main

import (
	"fmt"
	"reflect"
	"sort"
)

func expect(cond bool) {
	if !cond { panic("expect failed") }
}

func intersect(nums1 []int, nums2 []int) []int {
	var counts map[int]int = map[int]int{}
	for _, n := range nums1 {
		_tmp0 := n
		_tmp1 := counts
		_, _tmp2 := _tmp1[_tmp0]
		if _tmp2 {
			counts[n] = (counts[n] + 1)
		} else {
			counts[n] = 1
		}
	}
	var result []int = []int{}
	for _, n := range nums2 {
		_tmp3 := n
		_tmp4 := counts
		_, _tmp5 := _tmp4[_tmp3]
		if _tmp5 {
			var c int = counts[n]
			if (c > 0) {
				result = append(append([]int{}, result...), []int{n}...)
				counts[n] = (c - 1)
			}
		}
	}
	return result
}

func example_1() {
	expect(_equal(intersect([]int{1, 2, 2, 1}, []int{2, 2}), []int{2, 2}))
}

func example_2() {
	var res []int = intersect([]int{4, 9, 5}, []int{9, 4, 9, 8, 4})
	var sorted []int = func() []int {
	items := []int{}
	for _, x := range res {
		items = append(items, x)
	}
	type pair struct { item int; key any }
	pairs := make([]pair, len(items))
	for idx, it := range items {
		x := it
		pairs[idx] = pair{item: it, key: x}
	}
	sort.Slice(pairs, func(i, j int) bool {
		a, b := pairs[i].key, pairs[j].key
		switch av := a.(type) {
		case int:
			switch bv := b.(type) {
			case int:
				return av < bv
			case float64:
				return float64(av) < bv
			}
		case float64:
			switch bv := b.(type) {
			case int:
				return av < float64(bv)
			case float64:
				return av < bv
			}
		case string:
			bs, _ := b.(string)
			return av < bs
		}
		return fmt.Sprint(a) < fmt.Sprint(b)
	})
	for idx, p := range pairs {
		items[idx] = p.item
	}
	_res := []int{}
	for _, x := range items {
		_res = append(_res, x)
	}
	return _res
}()
	_ = sorted
	expect(_equal(sorted, []int{4, 9}))
}

func disjoint() {
	expect(_equal(intersect([]int{1, 2, 3}, []int{4, 5}), []any{}))
}

func one_empty() {
	expect(_equal(intersect([]int{}, []int{1, 2}), []any{}))
}

func main() {
	example_1()
	example_2()
	disjoint()
	one_empty()
}

func _equal(a, b any) bool {
    av := reflect.ValueOf(a)
    bv := reflect.ValueOf(b)
    if av.Kind() == reflect.Slice && bv.Kind() == reflect.Slice && av.Len() == 0 && bv.Len() == 0 {
        return true
    }
    return reflect.DeepEqual(a, b)
}

