# Generated by Mochi Python compiler
from __future__ import annotations

import typing

def searchMatrix(matrix: list[list[int]], target: int) -> bool:
	m = len(matrix)
	if (m == 0):
		return False
	n = len(matrix[0])
	left = 0
	right = ((m * n) - 1)
	while (left <= right):
		mid = (left + (((right - left)) // 2))
		row = (mid // n)
		col = (mid % n)
		value = matrix[row][col]
		if (value == target):
			return True
		elif (value < target):
			left = (mid + 1)
		else:
			right = (mid - 1)
	return False

def example_1():
	assert (searchMatrix([[1, 3, 5, 7], [10, 11, 16, 20], [23, 30, 34, 60]], 3) == True)

def example_2():
	assert (searchMatrix([[1, 3, 5, 7], [10, 11, 16, 20], [23, 30, 34, 60]], 13) == False)

def single_row():
	assert (searchMatrix([[1, 2, 3, 4]], 3) == True)

def not_found():
	assert (searchMatrix([[5]], 1) == False)

def main():
	example_1()
	example_2()
	single_row()
	not_found()

if __name__ == "__main__":
	main()
