# Generated by Mochi Python compiler
from __future__ import annotations

import typing

def reverse(x: int) -> int:
	sign = 1
	n = x
	if (n < 0):
		sign = (-1)
		n = (-n)
	rev = 0
	while (n != 0):
		digit = (n % 10)
		rev = ((rev * 10) + digit)
		n = (n // 10)
	rev = (rev * sign)
	if ((rev < (((-2147483647) - 1))) or (rev > 2147483647)):
		return 0
	return rev

def example_1():
	assert (reverse(123) == 321)

def example_2():
	assert (reverse((-123)) == ((-321)))

def example_3():
	assert (reverse(120) == 21)

def overflow():
	assert (reverse(1534236469) == 0)

def main():
	example_1()
	example_2()
	example_3()
	overflow()

if __name__ == "__main__":
	main()
