// Generated by Mochi TypeScript compiler

function canWinNim(n: number) : boolean {
	return ((n % 4) != 0)
}

function example_1(): void {
	if (!((canWinNim(4) == false))) { throw new Error('expect failed') }
}

function example_2(): void {
	if (!((canWinNim(1) == true))) { throw new Error('expect failed') }
}

function example_3(): void {
	if (!((canWinNim(2) == true))) { throw new Error('expect failed') }
}

function multiple_of_four(): void {
	if (!((canWinNim(8) == false))) { throw new Error('expect failed') }
}

function not_multiple_of_four(): void {
	if (!((canWinNim(7) == true))) { throw new Error('expect failed') }
}

function main(): void {
	example_1()
	example_2()
	example_3()
	multiple_of_four()
	not_multiple_of_four()
}
main()

