# Generated by Mochi Python compiler
from __future__ import annotations

import typing

def maxSubArray(nums: list[int]) -> int:
	n = len(nums)
	current = nums[0]
	best = nums[0]
	for i in range(1, n):
		val = nums[i]
		if ((current + val) > val):
			current = (current + val)
		else:
			current = val
		if (current > best):
			best = current
	return best

def example_1():
	assert (maxSubArray([(-2), 1, (-3), 4, (-1), 2, 1, (-5), 4]) == 6)

def example_2():
	assert (maxSubArray([1]) == 1)

def example_3():
	assert (maxSubArray([5, 4, (-1), 7, 8]) == 23)

def all_negative():
	assert (maxSubArray([(-3), (-2), (-5)]) == ((-2)))

def main():
	example_1()
	example_2()
	example_3()
	all_negative()

if __name__ == "__main__":
	main()
