# Generated by Mochi Python compiler
from __future__ import annotations

import typing

def mySqrt(x: int) -> int:
	if (x < 2):
		return x
	left = 1
	right = (x // 2)
	ans = 0
	while (left <= right):
		mid = (left + (((right - left)) // 2))
		sq = (mid * mid)
		if (sq == x):
			return mid
		elif (sq < x):
			left = (mid + 1)
			ans = mid
		else:
			right = (mid - 1)
	return ans

def example_1():
	assert (mySqrt(4) == 2)

def example_2():
	assert (mySqrt(8) == 2)

def zero():
	assert (mySqrt(0) == 0)

def large():
	assert (mySqrt(2147395599) == 46339)

def main():
	example_1()
	example_2()
	zero()
	large()

if __name__ == "__main__":
	main()
