# Generated by Mochi Python compiler
from __future__ import annotations

import typing

def maxProfit(prices: list[int]) -> int:
	n = len(prices)
	profit = 0
	i = 1
	while (i < n):
		diff = (prices[i] - prices[(i - 1)])
		if (diff > 0):
			profit = (profit + diff)
		i = (i + 1)
	return profit

def example_1():
	assert (maxProfit([7, 1, 5, 3, 6, 4]) == 7)

def example_2():
	assert (maxProfit([1, 2, 3, 4, 5]) == 4)

def example_3():
	assert (maxProfit([7, 6, 4, 3, 1]) == 0)

def main():
	example_1()
	example_2()
	example_3()

if __name__ == "__main__":
	main()
