// Generated by Mochi TypeScript compiler

function maxProfit(prices: Array<number>) : number {
	let n: number = prices.length
	let profit: number = 0
	let i: number = 1
	while ((i < n)) {
		let diff: number = (prices[i] - prices[(i - 1)])
		if ((diff > 0)) {
			profit = (profit + diff)
		}
		i = (i + 1)
	}
	return profit
}

function example_1(): void {
	if (!((maxProfit([7, 1, 5, 3, 6, 4]) == 7))) { throw new Error('expect failed') }
}

function example_2(): void {
	if (!((maxProfit([1, 2, 3, 4, 5]) == 4))) { throw new Error('expect failed') }
}

function example_3(): void {
	if (!((maxProfit([7, 6, 4, 3, 1]) == 0))) { throw new Error('expect failed') }
}

function main(): void {
	example_1()
	example_2()
	example_3()
}
main()

