# Generated by Mochi Python compiler
from __future__ import annotations

import typing

def myPow(x: float, n: int) -> float:
	if (n == 0):
		return 1
	if (n < 0):
		return (1 / myPow(x, (-n)))
	base = x
	exp = n
	result = 1
	while (exp > 0):
		if ((exp % 2) == 1):
			result = (result * base)
		base = (base * base)
		exp = (exp // 2)
	return result

def example_1():
	assert (myPow(2, 10) == 1024)

def example_2():
	assert (myPow(2.1, 3) == 9.261000000000001)

def example_3():
	assert (myPow(2, (-2)) == 0.25)

def main():
	example_1()
	example_2()
	example_3()

if __name__ == "__main__":
	main()
