# Generated by Mochi Python compiler
from __future__ import annotations

import typing

def integerReplacement(n: int) -> int:
	steps = 0
	x = n
	while (x != 1):
		if ((x % 2) == 0):
			x = (x // 2)
		else:
			if (x == 3):
				x = 2
			else:
				mod4 = (x % 4)
				if (mod4 == 1):
					x = (x - 1)
				else:
					x = (x + 1)
		steps = (steps + 1)
	return steps

def example_1():
	assert (integerReplacement(8) == 3)

def example_2():
	assert (integerReplacement(7) == 4)

def example_3():
	assert (integerReplacement(4) == 2)

def one():
	assert (integerReplacement(1) == 0)

def three():
	assert (integerReplacement(3) == 2)

def main():
	example_1()
	example_2()
	example_3()
	one()
	three()

if __name__ == "__main__":
	main()
