// Generated by Mochi TypeScript compiler

function isUgly(n: number) : boolean {
	if ((n <= 0)) {
		return false
	}
	let num: number = n
	while (((num % 2) == 0)) {
		num = Math.trunc(num / 2)
	}
	while (((num % 3) == 0)) {
		num = Math.trunc(num / 3)
	}
	while (((num % 5) == 0)) {
		num = Math.trunc(num / 5)
	}
	return (num == 1)
}

function example_1(): void {
	if (!((isUgly(6) == true))) { throw new Error('expect failed') }
}

function example_2(): void {
	if (!((isUgly(1) == true))) { throw new Error('expect failed') }
}

function example_3(): void {
	if (!((isUgly(14) == false))) { throw new Error('expect failed') }
}

function zero(): void {
	if (!((isUgly(0) == false))) { throw new Error('expect failed') }
}

function negative(): void {
	if (!((isUgly((-6)) == false))) { throw new Error('expect failed') }
}

function main(): void {
	example_1()
	example_2()
	example_3()
	zero()
	negative()
}
main()

