# Generated by Mochi Python compiler
from __future__ import annotations

import typing

def reorderList(nums: list[int]) -> list[int]:
	n = len(nums)
	result = []
	i = 0
	j = (n - 1)
	while (i <= j):
		if (i == j):
			result = (result + [nums[i]])
		else:
			result = (result + [nums[i], nums[j]])
		i = (i + 1)
		j = (j - 1)
	return result

def example_1():
	assert (reorderList([1, 2, 3, 4]) == [1, 4, 2, 3])

def example_2():
	assert (reorderList([1, 2, 3, 4, 5]) == [1, 5, 2, 4, 3])

def single_element():
	assert (reorderList([1]) == [1])

def main():
	example_1()
	example_2()
	single_element()

if __name__ == "__main__":
	main()
