package main

func expect(cond bool) {
	if !cond { panic("expect failed") }
}

type Tree interface { isTree() }
type Leaf struct {
}
func (Leaf) isTree() {}
type Node struct {
	Left any `json:"left"`
	Value int `json:"value"`
	Right any `json:"right"`
}
func (Node) isTree() {}

func countNodes(root any) int {
	return func() int {
	_t := root
	switch _t {
	case Leaf:
		return 0
	case Node(l, _, r):
		return ((countNodes(l) + countNodes(r)) + 1)
	}
}()
}

func example_1() {
	expect((countNodes(example1) == 6))
}

func single_node() {
	expect((countNodes(Node{Left: Leaf{}, Value: 1, Right: Leaf{}}) == 1))
}

func empty() {
	expect((countNodes(Leaf{}) == 0))
}

func main() {
	var example1 Node = Node{Left: Node{Left: Node{Left: Leaf{}, Value: 4, Right: Leaf{}}, Value: 2, Right: Node{Left: Leaf{}, Value: 5, Right: Leaf{}}}, Value: 1, Right: Node{Left: Node{Left: Leaf{}, Value: 6, Right: Leaf{}}, Value: 3, Right: Leaf{}}}
	example_1()
	single_node()
	empty()
}

