# Generated by Mochi Python compiler
from __future__ import annotations

import dataclasses
import typing

def preorderTraversal(t: Tree) -> list[int]:
	return (lambda _t=t: [] if isinstance(_t, Leaf) else (lambda l, v, r: (([v] + preorderTraversal(l)) + preorderTraversal(r)))(_t.left, _t.value, _t.right) if isinstance(_t, Node) else None)()

class Tree:
	pass
@dataclasses.dataclass
class Leaf(Tree):
	pass
@dataclasses.dataclass
class Node(Tree):
	left: typing.Any
	value: int
	right: typing.Any

example1 = Node(left=Leaf(), value=1, right=Node(left=Node(left=Leaf(), value=3, right=Leaf()), value=2, right=Leaf()))

def example_1():
	assert (preorderTraversal(example1) == [1, 2, 3])

def empty():
	assert (preorderTraversal(Leaf()) == [])

def single_node():
	assert (preorderTraversal(Node(left=Leaf(), value=1, right=Leaf())) == [1])

def main():
	example1 = Node(left=Leaf(), value=1, right=Node(left=Node(left=Leaf(), value=3, right=Leaf()), value=2, right=Leaf()))
	example_1()
	empty()
	single_node()

if __name__ == "__main__":
	main()
