package main

func expect(cond bool) {
	if !cond { panic("expect failed") }
}

func combine(n int, k int) [][]int {
	var result []any = []any{}
	backtrack(1, []any{})
	return result
}

func example_1() {
	expect((combine(4, 2) == [][]int{[]int{1, 2}, []int{1, 3}, []int{1, 4}, []int{2, 3}, []int{2, 4}, []int{3, 4}}))
}

func example_2() {
	expect((combine(1, 1) == [][]int{[]int{1}}))
}

func n___3__k___3() {
	expect((combine(3, 3) == [][]int{[]int{1, 2, 3}}))
}

func main() {
	example_1()
	example_2()
	n___3__k___3()
}

