# Generated by Mochi Python compiler
from __future__ import annotations

import typing

def convertToTitle(columnNumber: int) -> str:
	letters = "ABCDEFGHIJKLMNOPQRSTUVWXYZ"
	n = columnNumber
	result = ""
	while (n > 0):
		n = (n - 1)
		idx = (n % 26)
		result = (letters[idx:(idx + 1)] + result)
		n = (n // 26)
	return result

def example_1():
	assert (convertToTitle(1) == "A")

def example_2():
	assert (convertToTitle(28) == "AB")

def example_3():
	assert (convertToTitle(701) == "ZY")

def main():
	example_1()
	example_2()
	example_3()

if __name__ == "__main__":
	main()
