# Generated by Mochi Python compiler
from __future__ import annotations

import typing

def kthSmallest(matrix: list[list[int]], k: int) -> int:
	flat = []
	for row in matrix:
		flat = (flat + row)
	nums = [ n for n in sorted([ n for n in flat ], key=lambda n: n) ]
	return nums[(k - 1)]

example = [[1, 5, 9], [10, 11, 13], [12, 13, 15]]

def example():
	assert (kthSmallest(example, 8) == 13)

def single_value():
	assert (kthSmallest([[7]], 1) == 7)

def main():
	example = [[1, 5, 9], [10, 11, 13], [12, 13, 15]]
	example()
	single_value()

if __name__ == "__main__":
	main()
