# Generated by Mochi Python compiler
from __future__ import annotations

import typing

def convert(s: str, numRows: int) -> str:
	if ((numRows <= 1) or (numRows >= len(s))):
		return s
	rows = []
	i = 0
	while (i < numRows):
		rows = (rows + [""])
		i = (i + 1)
	curr = 0
	step = 1
	for ch in s:
		rows[curr] = (rows[curr] + ch)
		if (curr == 0):
			step = 1
		elif (curr == (numRows - 1)):
			step = (-1)
		curr = (curr + step)
	result = ""
	for row in rows:
		result = (result + row)
	return result

def example_1():
	assert (convert("PAYPALISHIRING", 3) == "PAHNAPLSIIGYIR")

def example_2():
	assert (convert("PAYPALISHIRING", 4) == "PINALSIGYAHRPI")

def single_row():
	assert (convert("A", 1) == "A")

def main():
	example_1()
	example_2()
	single_row()

if __name__ == "__main__":
	main()
