// Generated by Mochi TypeScript compiler

function search(nums: Array<number>, target: number) : boolean {
	let left: number = 0
	let right: number = (nums.length - 1)
	while ((left <= right)) {
		let mid: number = Math.trunc(((left + right)) / 2)
		if ((nums[mid] == target)) {
			return true
		}
		if ((nums[left] == nums[mid])) {
			left = (left + 1)
		} else 		if ((nums[left] < nums[mid])) {
			if (((nums[left] <= target) && (target < nums[mid]))) {
				right = (mid - 1)
			} else {
				left = (mid + 1)
			}
		} else {
			if (((nums[mid] < target) && (target <= nums[right]))) {
				left = (mid + 1)
			} else {
				right = (mid - 1)
			}
		}
	}
	return false
}

function example_1(): void {
	if (!((search([2, 5, 6, 0, 0, 1, 2], 0) == true))) { throw new Error('expect failed') }
}

function example_2(): void {
	if (!((search([2, 5, 6, 0, 0, 1, 2], 3) == false))) { throw new Error('expect failed') }
}

function all_duplicates(): void {
	if (!((search([1, 1, 1, 1, 1], 2) == false))) { throw new Error('expect failed') }
}

function single_element(): void {
	if (!((search([1], 1) == true))) { throw new Error('expect failed') }
}

function empty_array(): void {
	if (!((search([], 5) == false))) { throw new Error('expect failed') }
}

function main(): void {
	example_1()
	example_2()
	all_duplicates()
	single_element()
	empty_array()
}
main()

