package main

import (
	"reflect"
)

func expect(cond bool) {
	if !cond { panic("expect failed") }
}

func fullJustify(words []string, maxWidth int) []string {
	var result []string = []string{}
	_ = result
	var i int = 0
	_ = i
	for (i < len(words)) {
		var j int = i
		_ = j
		var lineLen int = 0
		_ = lineLen
		for (j < len(words)) {
			if (((lineLen + len(words[j])) + ((j - i))) <= maxWidth) {
				lineLen = (lineLen + len(words[j]))
				j = (j + 1)
			} else {
				break
			}
		}
		var line string = ""
		_ = line
		var numWords int = (j - i)
		if ((j == len(words)) || (numWords == 1)) {
			var k int = i
			_ = k
			for (k < j) {
				line = line + words[k]
				if (k < (j - 1)) {
					line = line + " "
				}
				k = (k + 1)
			}
			for (len(line) < maxWidth) {
				line = line + " "
			}
		} else {
			var totalSpaces int = (maxWidth - lineLen)
			var gaps int = (numWords - 1)
			var spaceEach int = (totalSpaces / gaps)
			var extra int = (totalSpaces % gaps)
			_ = extra
			var k int = i
			_ = k
			for (k < j) {
				line = line + words[k]
				if (k < (j - 1)) {
					var s int = 0
					_ = s
					for (s < spaceEach) {
						line = line + " "
						s = (s + 1)
					}
					if (extra > 0) {
						line = line + " "
						extra = (extra - 1)
					}
				}
				k = (k + 1)
			}
		}
		result = append(append([]string{}, result...), []string{line}...)
		i = j
	}
	return result
}

func example_1() {
	var words []string = []string{"This", "is", "an", "example", "of", "text", "justification."}
	expect(_equal(fullJustify(words, 16), []string{"This    is    an", "example  of text", "justification.  "}))
}

func example_2() {
	var words []string = []string{"What", "must", "be", "acknowledgment", "shall", "be"}
	expect(_equal(fullJustify(words, 16), []string{"What   must   be", "acknowledgment  ", "shall be        "}))
}

func example_3() {
	var words []string = []string{"Science", "is", "what", "we", "understand", "well", "enough", "to", "explain", "to", "a", "computer.", "Art", "is", "everything", "else", "we", "do"}
	expect(_equal(fullJustify(words, 20), []string{"Science  is  what we", "understand      well", "enough to explain to", "a  computer.  Art is", "everything  else  we", "do                  "}))
}

func main() {
	example_1()
	example_2()
	example_3()
}

func _equal(a, b any) bool {
    return reflect.DeepEqual(a, b)
}

